bin
CITATION.cff
envs
LICENSE
modulefiles
notebooks
pyproject.toml
README.md
setup.py
solosis
solosis-cli
sphinx
tests
venv

------------------------------------------------------------
Sender: LSF System <lsfadmin@node-14-18>
Subject: Job 244636: <e27336c4-b5fd-495f-aff2-5d6a9071e6eb> in cluster <farm22> Done

Job <e27336c4-b5fd-495f-aff2-5d6a9071e6eb> was submitted from host <farm22-head1> by user <vm11> in cluster <farm22> at Fri Jun 20 13:22:16 2025
Job was executed on host(s) <node-14-18>, in queue <normal>, as user <vm11> in cluster <farm22> at Fri Jun 20 13:22:17 2025
</nfs/users/nfs_v/vm11> was used as the home directory.
</nfs/users/nfs_v/vm11/nfs_data/projects/solosis> was used as the working directory.
Started at Fri Jun 20 13:22:17 2025
Terminated at Fri Jun 20 13:22:20 2025
Results reported at Fri Jun 20 13:22:20 2025

Your job looked like:

------------------------------------------------------------
# LSBATCH: User input
#!/bin/bash
#BSUB -J e27336c4-b5fd-495f-aff2-5d6a9071e6eb
#BSUB -q normal
#BSUB -n 1
#BSUB -M 50000
#BSUB -R "select[mem>50000] rusage[mem=50000]"
#BSUB -W 12:00
#BSUB -o .solosis/lsf/e27336c4-b5fd-495f-aff2-5d6a9071e6eb.log
#BSUB -Ep /software/cellgen/cellgeni/etc/notify-slack.sh # CellGen Slack notification support

set -euo pipefail
ls
status=$?
# Email job exit status
if [ $status -eq 0 ]; then
  job_status="$command_to_exec \n command was successful: Exit status: $status"
 
else
  job_status="$command_to_exec \n command failed: Exit status: $status"
fi
echo $job_status | mail -s "Job status: e27336c4-b5fd-495f-aff2-5d6a9071e6eb" vm11@sanger.ac.uk

------------------------------------------------------------

Successfully completed.

Resource usage summary:

    CPU time :                                   0.12 sec.
    Max Memory :                                 2 MB
    Average Memory :                             2.00 MB
    Total Requested Memory :                     50000.00 MB
    Delta Memory :                               49998.00 MB
    Max Swap :                                   -
    Max Processes :                              1
    Max Threads :                                1
    Run time :                                   4 sec.
    Turnaround time :                            4 sec.

The output (if any) is above this job summary.

